[0.756s] Invoking command in '/home/jeanlucasrothsteinmachado/Github/ponderadasM8/ponderada3/ws_pond3/src/my_chatbot': PYTHONPATH=/home/jeanlucasrothsteinmachado/Github/ponderadasM8/ponderada3/ws_pond3/build/my_chatbot/prefix_override:/home/jeanlucasrothsteinmachado/Github/ponderadasM8/ponderada3/ws_pond3/install/my_chatbot/lib/python3.10/site-packages:${PYTHONPATH} /usr/bin/python3 setup.py egg_info --egg-base ../../build/my_chatbot build --build-base /home/jeanlucasrothsteinmachado/Github/ponderadasM8/ponderada3/ws_pond3/build/my_chatbot/build install --record /home/jeanlucasrothsteinmachado/Github/ponderadasM8/ponderada3/ws_pond3/build/my_chatbot/install.log --single-version-externally-managed
[1.042s] running egg_info
[1.043s] writing ../../build/my_chatbot/my_chatbot.egg-info/PKG-INFO
[1.043s] writing dependency_links to ../../build/my_chatbot/my_chatbot.egg-info/dependency_links.txt
[1.043s] writing entry points to ../../build/my_chatbot/my_chatbot.egg-info/entry_points.txt
[1.043s] writing requirements to ../../build/my_chatbot/my_chatbot.egg-info/requires.txt
[1.043s] writing top-level names to ../../build/my_chatbot/my_chatbot.egg-info/top_level.txt
[1.046s] reading manifest file '../../build/my_chatbot/my_chatbot.egg-info/SOURCES.txt'
[1.047s] writing manifest file '../../build/my_chatbot/my_chatbot.egg-info/SOURCES.txt'
[1.047s] running build
[1.047s] running build_py
[1.047s] running install
[1.048s] running install_lib
[1.049s] running install_data
[1.050s] running install_egg_info
[1.052s] Copying ../../build/my_chatbot/my_chatbot.egg-info to /home/jeanlucasrothsteinmachado/Github/ponderadasM8/ponderada3/ws_pond3/install/my_chatbot/lib/python3.10/site-packages/my_chatbot-0.0.0.1-py3.10.egg-info
[1.053s] running install_scripts
[1.081s] Installing my_chatbot script to /home/jeanlucasrothsteinmachado/Github/ponderadasM8/ponderada3/ws_pond3/install/my_chatbot/lib/my_chatbot
[1.081s] writing list of installed files to '/home/jeanlucasrothsteinmachado/Github/ponderadasM8/ponderada3/ws_pond3/build/my_chatbot/install.log'
[1.120s] Invoked command in '/home/jeanlucasrothsteinmachado/Github/ponderadasM8/ponderada3/ws_pond3/src/my_chatbot' returned '0': PYTHONPATH=/home/jeanlucasrothsteinmachado/Github/ponderadasM8/ponderada3/ws_pond3/build/my_chatbot/prefix_override:/home/jeanlucasrothsteinmachado/Github/ponderadasM8/ponderada3/ws_pond3/install/my_chatbot/lib/python3.10/site-packages:${PYTHONPATH} /usr/bin/python3 setup.py egg_info --egg-base ../../build/my_chatbot build --build-base /home/jeanlucasrothsteinmachado/Github/ponderadasM8/ponderada3/ws_pond3/build/my_chatbot/build install --record /home/jeanlucasrothsteinmachado/Github/ponderadasM8/ponderada3/ws_pond3/build/my_chatbot/install.log --single-version-externally-managed
