[0.829s] Invoking command in '/home/jeanlucasrothsteinmachado/Github/ponderadasM8/ponderada3/ws/src/my_chatbot': PYTHONPATH=/home/jeanlucasrothsteinmachado/Github/ponderadasM8/ponderada3/ws/build/my_chatbot/prefix_override:/home/jeanlucasrothsteinmachado/Github/ponderadasM8/ponderada3/ws/install/my_chatbot/lib/python3.10/site-packages:${PYTHONPATH} /usr/bin/python3 setup.py egg_info --egg-base ../../build/my_chatbot build --build-base /home/jeanlucasrothsteinmachado/Github/ponderadasM8/ponderada3/ws/build/my_chatbot/build install --record /home/jeanlucasrothsteinmachado/Github/ponderadasM8/ponderada3/ws/build/my_chatbot/install.log --single-version-externally-managed
[1.084s] running egg_info
[1.084s] writing ../../build/my_chatbot/my_chatbot.egg-info/PKG-INFO
[1.088s] writing dependency_links to ../../build/my_chatbot/my_chatbot.egg-info/dependency_links.txt
[1.089s] writing entry points to ../../build/my_chatbot/my_chatbot.egg-info/entry_points.txt
[1.089s] writing requirements to ../../build/my_chatbot/my_chatbot.egg-info/requires.txt
[1.090s] writing top-level names to ../../build/my_chatbot/my_chatbot.egg-info/top_level.txt
[1.094s] reading manifest file '../../build/my_chatbot/my_chatbot.egg-info/SOURCES.txt'
[1.096s] writing manifest file '../../build/my_chatbot/my_chatbot.egg-info/SOURCES.txt'
[1.097s] running build
[1.097s] running build_py
[1.097s] copying my_chatbot/chatnode.py -> /home/jeanlucasrothsteinmachado/Github/ponderadasM8/ponderada3/ws/build/my_chatbot/build/lib/my_chatbot
[1.098s] running install
[1.098s] running install_lib
[1.099s] copying /home/jeanlucasrothsteinmachado/Github/ponderadasM8/ponderada3/ws/build/my_chatbot/build/lib/my_chatbot/chatnode.py -> /home/jeanlucasrothsteinmachado/Github/ponderadasM8/ponderada3/ws/install/my_chatbot/lib/python3.10/site-packages/my_chatbot
[1.099s] byte-compiling /home/jeanlucasrothsteinmachado/Github/ponderadasM8/ponderada3/ws/install/my_chatbot/lib/python3.10/site-packages/my_chatbot/chatnode.py to chatnode.cpython-310.pyc
[1.100s] running install_data
[1.101s] running install_egg_info
[1.102s] removing '/home/jeanlucasrothsteinmachado/Github/ponderadasM8/ponderada3/ws/install/my_chatbot/lib/python3.10/site-packages/my_chatbot-0.0.0-py3.10.egg-info' (and everything under it)
[1.102s] Copying ../../build/my_chatbot/my_chatbot.egg-info to /home/jeanlucasrothsteinmachado/Github/ponderadasM8/ponderada3/ws/install/my_chatbot/lib/python3.10/site-packages/my_chatbot-0.0.0-py3.10.egg-info
[1.103s] running install_scripts
[1.121s] Installing chatnode script to /home/jeanlucasrothsteinmachado/Github/ponderadasM8/ponderada3/ws/install/my_chatbot/lib/my_chatbot
[1.121s] writing list of installed files to '/home/jeanlucasrothsteinmachado/Github/ponderadasM8/ponderada3/ws/build/my_chatbot/install.log'
[1.145s] Invoked command in '/home/jeanlucasrothsteinmachado/Github/ponderadasM8/ponderada3/ws/src/my_chatbot' returned '0': PYTHONPATH=/home/jeanlucasrothsteinmachado/Github/ponderadasM8/ponderada3/ws/build/my_chatbot/prefix_override:/home/jeanlucasrothsteinmachado/Github/ponderadasM8/ponderada3/ws/install/my_chatbot/lib/python3.10/site-packages:${PYTHONPATH} /usr/bin/python3 setup.py egg_info --egg-base ../../build/my_chatbot build --build-base /home/jeanlucasrothsteinmachado/Github/ponderadasM8/ponderada3/ws/build/my_chatbot/build install --record /home/jeanlucasrothsteinmachado/Github/ponderadasM8/ponderada3/ws/build/my_chatbot/install.log --single-version-externally-managed
