running egg_info
creating ../../build/my_chatbot/my_chatbot.egg-info
writing ../../build/my_chatbot/my_chatbot.egg-info/PKG-INFO
writing dependency_links to ../../build/my_chatbot/my_chatbot.egg-info/dependency_links.txt
writing entry points to ../../build/my_chatbot/my_chatbot.egg-info/entry_points.txt
writing requirements to ../../build/my_chatbot/my_chatbot.egg-info/requires.txt
writing top-level names to ../../build/my_chatbot/my_chatbot.egg-info/top_level.txt
writing manifest file '../../build/my_chatbot/my_chatbot.egg-info/SOURCES.txt'
reading manifest file '../../build/my_chatbot/my_chatbot.egg-info/SOURCES.txt'
writing manifest file '../../build/my_chatbot/my_chatbot.egg-info/SOURCES.txt'
running build
running build_py
creating /home/jeanlucasrothsteinmachado/Github/ponderadasM8/ponderada3/ws_pond3/build/my_chatbot/build
creating /home/jeanlucasrothsteinmachado/Github/ponderadasM8/ponderada3/ws_pond3/build/my_chatbot/build/lib
creating /home/jeanlucasrothsteinmachado/Github/ponderadasM8/ponderada3/ws_pond3/build/my_chatbot/build/lib/my_chatbot
copying my_chatbot/chatnode.py -> /home/jeanlucasrothsteinmachado/Github/ponderadasM8/ponderada3/ws_pond3/build/my_chatbot/build/lib/my_chatbot
copying my_chatbot/__init__.py -> /home/jeanlucasrothsteinmachado/Github/ponderadasM8/ponderada3/ws_pond3/build/my_chatbot/build/lib/my_chatbot
running install
running install_lib
creating /home/jeanlucasrothsteinmachado/Github/ponderadasM8/ponderada3/ws_pond3/install/my_chatbot/lib/python3.10/site-packages/my_chatbot
copying /home/jeanlucasrothsteinmachado/Github/ponderadasM8/ponderada3/ws_pond3/build/my_chatbot/build/lib/my_chatbot/chatnode.py -> /home/jeanlucasrothsteinmachado/Github/ponderadasM8/ponderada3/ws_pond3/install/my_chatbot/lib/python3.10/site-packages/my_chatbot
copying /home/jeanlucasrothsteinmachado/Github/ponderadasM8/ponderada3/ws_pond3/build/my_chatbot/build/lib/my_chatbot/__init__.py -> /home/jeanlucasrothsteinmachado/Github/ponderadasM8/ponderada3/ws_pond3/install/my_chatbot/lib/python3.10/site-packages/my_chatbot
byte-compiling /home/jeanlucasrothsteinmachado/Github/ponderadasM8/ponderada3/ws_pond3/install/my_chatbot/lib/python3.10/site-packages/my_chatbot/chatnode.py to chatnode.cpython-310.pyc
byte-compiling /home/jeanlucasrothsteinmachado/Github/ponderadasM8/ponderada3/ws_pond3/install/my_chatbot/lib/python3.10/site-packages/my_chatbot/__init__.py to __init__.cpython-310.pyc
running install_data
creating /home/jeanlucasrothsteinmachado/Github/ponderadasM8/ponderada3/ws_pond3/install/my_chatbot/share
creating /home/jeanlucasrothsteinmachado/Github/ponderadasM8/ponderada3/ws_pond3/install/my_chatbot/share/ament_index
creating /home/jeanlucasrothsteinmachado/Github/ponderadasM8/ponderada3/ws_pond3/install/my_chatbot/share/ament_index/resource_index
creating /home/jeanlucasrothsteinmachado/Github/ponderadasM8/ponderada3/ws_pond3/install/my_chatbot/share/ament_index/resource_index/packages
copying resource/my_chatbot -> /home/jeanlucasrothsteinmachado/Github/ponderadasM8/ponderada3/ws_pond3/install/my_chatbot/share/ament_index/resource_index/packages
creating /home/jeanlucasrothsteinmachado/Github/ponderadasM8/ponderada3/ws_pond3/install/my_chatbot/share/my_chatbot
copying package.xml -> /home/jeanlucasrothsteinmachado/Github/ponderadasM8/ponderada3/ws_pond3/install/my_chatbot/share/my_chatbot
running install_egg_info
Copying ../../build/my_chatbot/my_chatbot.egg-info to /home/jeanlucasrothsteinmachado/Github/ponderadasM8/ponderada3/ws_pond3/install/my_chatbot/lib/python3.10/site-packages/my_chatbot-0.0.0-py3.10.egg-info
running install_scripts
Installing my_chatbot script to /home/jeanlucasrothsteinmachado/Github/ponderadasM8/ponderada3/ws_pond3/install/my_chatbot/lib/my_chatbot
writing list of installed files to '/home/jeanlucasrothsteinmachado/Github/ponderadasM8/ponderada3/ws_pond3/build/my_chatbot/install.log'
