running egg_info
creating ../../build/my_turtlebot3_mapping/my_turtlebot3_mapping.egg-info
writing ../../build/my_turtlebot3_mapping/my_turtlebot3_mapping.egg-info/PKG-INFO
writing dependency_links to ../../build/my_turtlebot3_mapping/my_turtlebot3_mapping.egg-info/dependency_links.txt
writing entry points to ../../build/my_turtlebot3_mapping/my_turtlebot3_mapping.egg-info/entry_points.txt
writing requirements to ../../build/my_turtlebot3_mapping/my_turtlebot3_mapping.egg-info/requires.txt
writing top-level names to ../../build/my_turtlebot3_mapping/my_turtlebot3_mapping.egg-info/top_level.txt
writing manifest file '../../build/my_turtlebot3_mapping/my_turtlebot3_mapping.egg-info/SOURCES.txt'
reading manifest file '../../build/my_turtlebot3_mapping/my_turtlebot3_mapping.egg-info/SOURCES.txt'
writing manifest file '../../build/my_turtlebot3_mapping/my_turtlebot3_mapping.egg-info/SOURCES.txt'
running build
running build_py
creating /home/jeanlucasrothsteinmachado/Github/ponderadasM8/ponderada2/ws_pond2/build/my_turtlebot3_mapping/build
creating /home/jeanlucasrothsteinmachado/Github/ponderadasM8/ponderada2/ws_pond2/build/my_turtlebot3_mapping/build/lib
creating /home/jeanlucasrothsteinmachado/Github/ponderadasM8/ponderada2/ws_pond2/build/my_turtlebot3_mapping/build/lib/my_turtlebot3_mapping
copying my_turtlebot3_mapping/__init__.py -> /home/jeanlucasrothsteinmachado/Github/ponderadasM8/ponderada2/ws_pond2/build/my_turtlebot3_mapping/build/lib/my_turtlebot3_mapping
running install
running install_lib
creating /home/jeanlucasrothsteinmachado/Github/ponderadasM8/ponderada2/ws_pond2/install/my_turtlebot3_mapping/lib/python3.10/site-packages/my_turtlebot3_mapping
copying /home/jeanlucasrothsteinmachado/Github/ponderadasM8/ponderada2/ws_pond2/build/my_turtlebot3_mapping/build/lib/my_turtlebot3_mapping/__init__.py -> /home/jeanlucasrothsteinmachado/Github/ponderadasM8/ponderada2/ws_pond2/install/my_turtlebot3_mapping/lib/python3.10/site-packages/my_turtlebot3_mapping
byte-compiling /home/jeanlucasrothsteinmachado/Github/ponderadasM8/ponderada2/ws_pond2/install/my_turtlebot3_mapping/lib/python3.10/site-packages/my_turtlebot3_mapping/__init__.py to __init__.cpython-310.pyc
running install_data
creating /home/jeanlucasrothsteinmachado/Github/ponderadasM8/ponderada2/ws_pond2/install/my_turtlebot3_mapping/share/ament_index
creating /home/jeanlucasrothsteinmachado/Github/ponderadasM8/ponderada2/ws_pond2/install/my_turtlebot3_mapping/share/ament_index/resource_index
creating /home/jeanlucasrothsteinmachado/Github/ponderadasM8/ponderada2/ws_pond2/install/my_turtlebot3_mapping/share/ament_index/resource_index/packages
copying resource/my_turtlebot3_mapping -> /home/jeanlucasrothsteinmachado/Github/ponderadasM8/ponderada2/ws_pond2/install/my_turtlebot3_mapping/share/ament_index/resource_index/packages
copying package.xml -> /home/jeanlucasrothsteinmachado/Github/ponderadasM8/ponderada2/ws_pond2/install/my_turtlebot3_mapping/share/my_turtlebot3_mapping
running install_egg_info
Copying ../../build/my_turtlebot3_mapping/my_turtlebot3_mapping.egg-info to /home/jeanlucasrothsteinmachado/Github/ponderadasM8/ponderada2/ws_pond2/install/my_turtlebot3_mapping/lib/python3.10/site-packages/my_turtlebot3_mapping-0.0.0-py3.10.egg-info
running install_scripts
writing list of installed files to '/home/jeanlucasrothsteinmachado/Github/ponderadasM8/ponderada2/ws_pond2/build/my_turtlebot3_mapping/install.log'
