[1.379s] Invoking command in '/home/jeanlucasrothsteinmachado/Github/ponderadasM8/ponderada2/ws_pond2/src/my_turtlebot3_mapping': PYTHONPATH=/home/jeanlucasrothsteinmachado/Github/ponderadasM8/ponderada2/ws_pond2/build/my_turtlebot3_mapping/prefix_override:/home/jeanlucasrothsteinmachado/Github/ponderadasM8/ponderada2/ws_pond2/install/my_turtlebot3_mapping/lib/python3.10/site-packages:${PYTHONPATH} /usr/bin/python3 setup.py egg_info --egg-base ../../build/my_turtlebot3_mapping build --build-base /home/jeanlucasrothsteinmachado/Github/ponderadasM8/ponderada2/ws_pond2/build/my_turtlebot3_mapping/build install --record /home/jeanlucasrothsteinmachado/Github/ponderadasM8/ponderada2/ws_pond2/build/my_turtlebot3_mapping/install.log --single-version-externally-managed
[1.660s] running egg_info
[1.660s] creating ../../build/my_turtlebot3_mapping/my_turtlebot3_mapping.egg-info
[1.660s] writing ../../build/my_turtlebot3_mapping/my_turtlebot3_mapping.egg-info/PKG-INFO
[1.661s] writing dependency_links to ../../build/my_turtlebot3_mapping/my_turtlebot3_mapping.egg-info/dependency_links.txt
[1.661s] writing entry points to ../../build/my_turtlebot3_mapping/my_turtlebot3_mapping.egg-info/entry_points.txt
[1.661s] writing requirements to ../../build/my_turtlebot3_mapping/my_turtlebot3_mapping.egg-info/requires.txt
[1.661s] writing top-level names to ../../build/my_turtlebot3_mapping/my_turtlebot3_mapping.egg-info/top_level.txt
[1.661s] writing manifest file '../../build/my_turtlebot3_mapping/my_turtlebot3_mapping.egg-info/SOURCES.txt'
[1.663s] reading manifest file '../../build/my_turtlebot3_mapping/my_turtlebot3_mapping.egg-info/SOURCES.txt'
[1.664s] writing manifest file '../../build/my_turtlebot3_mapping/my_turtlebot3_mapping.egg-info/SOURCES.txt'
[1.664s] running build
[1.664s] running build_py
[1.664s] creating /home/jeanlucasrothsteinmachado/Github/ponderadasM8/ponderada2/ws_pond2/build/my_turtlebot3_mapping/build
[1.664s] creating /home/jeanlucasrothsteinmachado/Github/ponderadasM8/ponderada2/ws_pond2/build/my_turtlebot3_mapping/build/lib
[1.664s] creating /home/jeanlucasrothsteinmachado/Github/ponderadasM8/ponderada2/ws_pond2/build/my_turtlebot3_mapping/build/lib/my_turtlebot3_mapping
[1.665s] copying my_turtlebot3_mapping/__init__.py -> /home/jeanlucasrothsteinmachado/Github/ponderadasM8/ponderada2/ws_pond2/build/my_turtlebot3_mapping/build/lib/my_turtlebot3_mapping
[1.665s] running install
[1.665s] running install_lib
[1.666s] creating /home/jeanlucasrothsteinmachado/Github/ponderadasM8/ponderada2/ws_pond2/install/my_turtlebot3_mapping/lib/python3.10/site-packages/my_turtlebot3_mapping
[1.666s] copying /home/jeanlucasrothsteinmachado/Github/ponderadasM8/ponderada2/ws_pond2/build/my_turtlebot3_mapping/build/lib/my_turtlebot3_mapping/__init__.py -> /home/jeanlucasrothsteinmachado/Github/ponderadasM8/ponderada2/ws_pond2/install/my_turtlebot3_mapping/lib/python3.10/site-packages/my_turtlebot3_mapping
[1.666s] byte-compiling /home/jeanlucasrothsteinmachado/Github/ponderadasM8/ponderada2/ws_pond2/install/my_turtlebot3_mapping/lib/python3.10/site-packages/my_turtlebot3_mapping/__init__.py to __init__.cpython-310.pyc
[1.666s] running install_data
[1.667s] creating /home/jeanlucasrothsteinmachado/Github/ponderadasM8/ponderada2/ws_pond2/install/my_turtlebot3_mapping/share/ament_index
[1.667s] creating /home/jeanlucasrothsteinmachado/Github/ponderadasM8/ponderada2/ws_pond2/install/my_turtlebot3_mapping/share/ament_index/resource_index
[1.667s] creating /home/jeanlucasrothsteinmachado/Github/ponderadasM8/ponderada2/ws_pond2/install/my_turtlebot3_mapping/share/ament_index/resource_index/packages
[1.667s] copying resource/my_turtlebot3_mapping -> /home/jeanlucasrothsteinmachado/Github/ponderadasM8/ponderada2/ws_pond2/install/my_turtlebot3_mapping/share/ament_index/resource_index/packages
[1.667s] copying package.xml -> /home/jeanlucasrothsteinmachado/Github/ponderadasM8/ponderada2/ws_pond2/install/my_turtlebot3_mapping/share/my_turtlebot3_mapping
[1.667s] running install_egg_info
[1.669s] Copying ../../build/my_turtlebot3_mapping/my_turtlebot3_mapping.egg-info to /home/jeanlucasrothsteinmachado/Github/ponderadasM8/ponderada2/ws_pond2/install/my_turtlebot3_mapping/lib/python3.10/site-packages/my_turtlebot3_mapping-0.0.0-py3.10.egg-info
[1.670s] running install_scripts
[1.691s] writing list of installed files to '/home/jeanlucasrothsteinmachado/Github/ponderadasM8/ponderada2/ws_pond2/build/my_turtlebot3_mapping/install.log'
[1.790s] Invoked command in '/home/jeanlucasrothsteinmachado/Github/ponderadasM8/ponderada2/ws_pond2/src/my_turtlebot3_mapping' returned '0': PYTHONPATH=/home/jeanlucasrothsteinmachado/Github/ponderadasM8/ponderada2/ws_pond2/build/my_turtlebot3_mapping/prefix_override:/home/jeanlucasrothsteinmachado/Github/ponderadasM8/ponderada2/ws_pond2/install/my_turtlebot3_mapping/lib/python3.10/site-packages:${PYTHONPATH} /usr/bin/python3 setup.py egg_info --egg-base ../../build/my_turtlebot3_mapping build --build-base /home/jeanlucasrothsteinmachado/Github/ponderadasM8/ponderada2/ws_pond2/build/my_turtlebot3_mapping/build install --record /home/jeanlucasrothsteinmachado/Github/ponderadasM8/ponderada2/ws_pond2/build/my_turtlebot3_mapping/install.log --single-version-externally-managed
