[0.831s] Invoking command in '/home/jeanlucasrothsteinmachado/Github/ponderadasM8/ponderada3/ws_pond3/src/my_chatbot': PYTHONPATH=/home/jeanlucasrothsteinmachado/Github/ponderadasM8/ponderada3/ws_pond3/build/my_chatbot/prefix_override:/home/jeanlucasrothsteinmachado/Github/ponderadasM8/ponderada3/ws_pond3/install/my_chatbot/lib/python3.10/site-packages:${PYTHONPATH} /usr/bin/python3 setup.py egg_info --egg-base ../../build/my_chatbot build --build-base /home/jeanlucasrothsteinmachado/Github/ponderadasM8/ponderada3/ws_pond3/build/my_chatbot/build install --record /home/jeanlucasrothsteinmachado/Github/ponderadasM8/ponderada3/ws_pond3/build/my_chatbot/install.log --single-version-externally-managed
[1.102s] running egg_info
[1.102s] writing ../../build/my_chatbot/my_chatbot.egg-info/PKG-INFO
[1.102s] writing dependency_links to ../../build/my_chatbot/my_chatbot.egg-info/dependency_links.txt
[1.102s] writing entry points to ../../build/my_chatbot/my_chatbot.egg-info/entry_points.txt
[1.103s] writing requirements to ../../build/my_chatbot/my_chatbot.egg-info/requires.txt
[1.103s] writing top-level names to ../../build/my_chatbot/my_chatbot.egg-info/top_level.txt
[1.104s] reading manifest file '../../build/my_chatbot/my_chatbot.egg-info/SOURCES.txt'
[1.105s] writing manifest file '../../build/my_chatbot/my_chatbot.egg-info/SOURCES.txt'
[1.105s] running build
[1.105s] running build_py
[1.105s] copying my_chatbot/chatnode.py -> /home/jeanlucasrothsteinmachado/Github/ponderadasM8/ponderada3/ws_pond3/build/my_chatbot/build/lib/my_chatbot
[1.106s] running install
[1.106s] running install_lib
[1.107s] copying /home/jeanlucasrothsteinmachado/Github/ponderadasM8/ponderada3/ws_pond3/build/my_chatbot/build/lib/my_chatbot/chatnode.py -> /home/jeanlucasrothsteinmachado/Github/ponderadasM8/ponderada3/ws_pond3/install/my_chatbot/lib/python3.10/site-packages/my_chatbot
[1.107s] byte-compiling /home/jeanlucasrothsteinmachado/Github/ponderadasM8/ponderada3/ws_pond3/install/my_chatbot/lib/python3.10/site-packages/my_chatbot/chatnode.py to chatnode.cpython-310.pyc
[1.108s] running install_data
[1.109s] running install_egg_info
[1.111s] removing '/home/jeanlucasrothsteinmachado/Github/ponderadasM8/ponderada3/ws_pond3/install/my_chatbot/lib/python3.10/site-packages/my_chatbot-0.0.0-py3.10.egg-info' (and everything under it)
[1.111s] Copying ../../build/my_chatbot/my_chatbot.egg-info to /home/jeanlucasrothsteinmachado/Github/ponderadasM8/ponderada3/ws_pond3/install/my_chatbot/lib/python3.10/site-packages/my_chatbot-0.0.0-py3.10.egg-info
[1.112s] running install_scripts
[1.133s] Installing chatnode script to /home/jeanlucasrothsteinmachado/Github/ponderadasM8/ponderada3/ws_pond3/install/my_chatbot/lib/my_chatbot
[1.133s] writing list of installed files to '/home/jeanlucasrothsteinmachado/Github/ponderadasM8/ponderada3/ws_pond3/build/my_chatbot/install.log'
[1.157s] Invoked command in '/home/jeanlucasrothsteinmachado/Github/ponderadasM8/ponderada3/ws_pond3/src/my_chatbot' returned '0': PYTHONPATH=/home/jeanlucasrothsteinmachado/Github/ponderadasM8/ponderada3/ws_pond3/build/my_chatbot/prefix_override:/home/jeanlucasrothsteinmachado/Github/ponderadasM8/ponderada3/ws_pond3/install/my_chatbot/lib/python3.10/site-packages:${PYTHONPATH} /usr/bin/python3 setup.py egg_info --egg-base ../../build/my_chatbot build --build-base /home/jeanlucasrothsteinmachado/Github/ponderadasM8/ponderada3/ws_pond3/build/my_chatbot/build install --record /home/jeanlucasrothsteinmachado/Github/ponderadasM8/ponderada3/ws_pond3/build/my_chatbot/install.log --single-version-externally-managed
