running egg_info
writing ../../build/my_turtlebot3_mapping/my_turtlebot3_mapping.egg-info/PKG-INFO
writing dependency_links to ../../build/my_turtlebot3_mapping/my_turtlebot3_mapping.egg-info/dependency_links.txt
writing entry points to ../../build/my_turtlebot3_mapping/my_turtlebot3_mapping.egg-info/entry_points.txt
writing requirements to ../../build/my_turtlebot3_mapping/my_turtlebot3_mapping.egg-info/requires.txt
writing top-level names to ../../build/my_turtlebot3_mapping/my_turtlebot3_mapping.egg-info/top_level.txt
reading manifest file '../../build/my_turtlebot3_mapping/my_turtlebot3_mapping.egg-info/SOURCES.txt'
writing manifest file '../../build/my_turtlebot3_mapping/my_turtlebot3_mapping.egg-info/SOURCES.txt'
running build
running build_py
running install
running install_lib
running install_data
copying launch/turtlebot3_navigation.launch.py -> /home/jeanlucasrothsteinmachado/Github/ponderadasM8/ponderada2/ws_pond2/install/my_turtlebot3_mapping/share/my_turtlebot3_mapping/launch
running install_egg_info
removing '/home/jeanlucasrothsteinmachado/Github/ponderadasM8/ponderada2/ws_pond2/install/my_turtlebot3_mapping/lib/python3.10/site-packages/my_turtlebot3_mapping-0.0.0-py3.10.egg-info' (and everything under it)
Copying ../../build/my_turtlebot3_mapping/my_turtlebot3_mapping.egg-info to /home/jeanlucasrothsteinmachado/Github/ponderadasM8/ponderada2/ws_pond2/install/my_turtlebot3_mapping/lib/python3.10/site-packages/my_turtlebot3_mapping-0.0.0-py3.10.egg-info
running install_scripts
Installing navigation_points script to /home/jeanlucasrothsteinmachado/Github/ponderadasM8/ponderada2/ws_pond2/install/my_turtlebot3_mapping/lib/my_turtlebot3_mapping
writing list of installed files to '/home/jeanlucasrothsteinmachado/Github/ponderadasM8/ponderada2/ws_pond2/build/my_turtlebot3_mapping/install.log'
