[0.823s] Invoking command in '/home/jeanlucasrothsteinmachado/Github/ponderadasM8/ponderada2/ws_pond2/src/my_turtlebot3_mapping': PYTHONPATH=/home/jeanlucasrothsteinmachado/Github/ponderadasM8/ponderada2/ws_pond2/build/my_turtlebot3_mapping/prefix_override:/home/jeanlucasrothsteinmachado/Github/ponderadasM8/ponderada2/ws_pond2/install/my_turtlebot3_mapping/lib/python3.10/site-packages:${PYTHONPATH} /usr/bin/python3 setup.py egg_info --egg-base ../../build/my_turtlebot3_mapping build --build-base /home/jeanlucasrothsteinmachado/Github/ponderadasM8/ponderada2/ws_pond2/build/my_turtlebot3_mapping/build install --record /home/jeanlucasrothsteinmachado/Github/ponderadasM8/ponderada2/ws_pond2/build/my_turtlebot3_mapping/install.log --single-version-externally-managed
[1.082s] running egg_info
[1.083s] writing ../../build/my_turtlebot3_mapping/my_turtlebot3_mapping.egg-info/PKG-INFO
[1.083s] writing dependency_links to ../../build/my_turtlebot3_mapping/my_turtlebot3_mapping.egg-info/dependency_links.txt
[1.083s] writing entry points to ../../build/my_turtlebot3_mapping/my_turtlebot3_mapping.egg-info/entry_points.txt
[1.083s] writing requirements to ../../build/my_turtlebot3_mapping/my_turtlebot3_mapping.egg-info/requires.txt
[1.084s] writing top-level names to ../../build/my_turtlebot3_mapping/my_turtlebot3_mapping.egg-info/top_level.txt
[1.085s] reading manifest file '../../build/my_turtlebot3_mapping/my_turtlebot3_mapping.egg-info/SOURCES.txt'
[1.086s] writing manifest file '../../build/my_turtlebot3_mapping/my_turtlebot3_mapping.egg-info/SOURCES.txt'
[1.086s] running build
[1.086s] running build_py
[1.087s] copying my_turtlebot3_mapping/navigation_points.py -> /home/jeanlucasrothsteinmachado/Github/ponderadasM8/ponderada2/ws_pond2/build/my_turtlebot3_mapping/build/lib/my_turtlebot3_mapping
[1.087s] running install
[1.087s] running install_lib
[1.088s] copying /home/jeanlucasrothsteinmachado/Github/ponderadasM8/ponderada2/ws_pond2/build/my_turtlebot3_mapping/build/lib/my_turtlebot3_mapping/navigation_points.py -> /home/jeanlucasrothsteinmachado/Github/ponderadasM8/ponderada2/ws_pond2/install/my_turtlebot3_mapping/lib/python3.10/site-packages/my_turtlebot3_mapping
[1.088s] byte-compiling /home/jeanlucasrothsteinmachado/Github/ponderadasM8/ponderada2/ws_pond2/install/my_turtlebot3_mapping/lib/python3.10/site-packages/my_turtlebot3_mapping/navigation_points.py to navigation_points.cpython-310.pyc
[1.089s] running install_data
[1.090s] copying launch/turtlebot3_navigation.launch.py -> /home/jeanlucasrothsteinmachado/Github/ponderadasM8/ponderada2/ws_pond2/install/my_turtlebot3_mapping/share/my_turtlebot3_mapping/launch
[1.090s] running install_egg_info
[1.091s] removing '/home/jeanlucasrothsteinmachado/Github/ponderadasM8/ponderada2/ws_pond2/install/my_turtlebot3_mapping/lib/python3.10/site-packages/my_turtlebot3_mapping-0.0.0-py3.10.egg-info' (and everything under it)
[1.092s] Copying ../../build/my_turtlebot3_mapping/my_turtlebot3_mapping.egg-info to /home/jeanlucasrothsteinmachado/Github/ponderadasM8/ponderada2/ws_pond2/install/my_turtlebot3_mapping/lib/python3.10/site-packages/my_turtlebot3_mapping-0.0.0-py3.10.egg-info
[1.092s] running install_scripts
[1.112s] Installing navigation_points script to /home/jeanlucasrothsteinmachado/Github/ponderadasM8/ponderada2/ws_pond2/install/my_turtlebot3_mapping/lib/my_turtlebot3_mapping
[1.113s] writing list of installed files to '/home/jeanlucasrothsteinmachado/Github/ponderadasM8/ponderada2/ws_pond2/build/my_turtlebot3_mapping/install.log'
[1.137s] Invoked command in '/home/jeanlucasrothsteinmachado/Github/ponderadasM8/ponderada2/ws_pond2/src/my_turtlebot3_mapping' returned '0': PYTHONPATH=/home/jeanlucasrothsteinmachado/Github/ponderadasM8/ponderada2/ws_pond2/build/my_turtlebot3_mapping/prefix_override:/home/jeanlucasrothsteinmachado/Github/ponderadasM8/ponderada2/ws_pond2/install/my_turtlebot3_mapping/lib/python3.10/site-packages:${PYTHONPATH} /usr/bin/python3 setup.py egg_info --egg-base ../../build/my_turtlebot3_mapping build --build-base /home/jeanlucasrothsteinmachado/Github/ponderadasM8/ponderada2/ws_pond2/build/my_turtlebot3_mapping/build install --record /home/jeanlucasrothsteinmachado/Github/ponderadasM8/ponderada2/ws_pond2/build/my_turtlebot3_mapping/install.log --single-version-externally-managed
