running egg_info
creating ../../build/navigation/navigation.egg-info
writing ../../build/navigation/navigation.egg-info/PKG-INFO
writing dependency_links to ../../build/navigation/navigation.egg-info/dependency_links.txt
writing entry points to ../../build/navigation/navigation.egg-info/entry_points.txt
writing requirements to ../../build/navigation/navigation.egg-info/requires.txt
writing top-level names to ../../build/navigation/navigation.egg-info/top_level.txt
writing manifest file '../../build/navigation/navigation.egg-info/SOURCES.txt'
reading manifest file '../../build/navigation/navigation.egg-info/SOURCES.txt'
writing manifest file '../../build/navigation/navigation.egg-info/SOURCES.txt'
running build
running build_py
creating /home/jeanlucasrothsteinmachado/Github/ponderadasM8/ponderada2/ws_pond2/build/navigation/build
creating /home/jeanlucasrothsteinmachado/Github/ponderadasM8/ponderada2/ws_pond2/build/navigation/build/lib
creating /home/jeanlucasrothsteinmachado/Github/ponderadasM8/ponderada2/ws_pond2/build/navigation/build/lib/navigation
copying navigation/navigation_points.py -> /home/jeanlucasrothsteinmachado/Github/ponderadasM8/ponderada2/ws_pond2/build/navigation/build/lib/navigation
copying navigation/__init__.py -> /home/jeanlucasrothsteinmachado/Github/ponderadasM8/ponderada2/ws_pond2/build/navigation/build/lib/navigation
running install
running install_lib
creating /home/jeanlucasrothsteinmachado/Github/ponderadasM8/ponderada2/ws_pond2/install/navigation/lib/python3.10/site-packages/navigation
copying /home/jeanlucasrothsteinmachado/Github/ponderadasM8/ponderada2/ws_pond2/build/navigation/build/lib/navigation/navigation_points.py -> /home/jeanlucasrothsteinmachado/Github/ponderadasM8/ponderada2/ws_pond2/install/navigation/lib/python3.10/site-packages/navigation
copying /home/jeanlucasrothsteinmachado/Github/ponderadasM8/ponderada2/ws_pond2/build/navigation/build/lib/navigation/__init__.py -> /home/jeanlucasrothsteinmachado/Github/ponderadasM8/ponderada2/ws_pond2/install/navigation/lib/python3.10/site-packages/navigation
byte-compiling /home/jeanlucasrothsteinmachado/Github/ponderadasM8/ponderada2/ws_pond2/install/navigation/lib/python3.10/site-packages/navigation/navigation_points.py to navigation_points.cpython-310.pyc
byte-compiling /home/jeanlucasrothsteinmachado/Github/ponderadasM8/ponderada2/ws_pond2/install/navigation/lib/python3.10/site-packages/navigation/__init__.py to __init__.cpython-310.pyc
running install_data
creating /home/jeanlucasrothsteinmachado/Github/ponderadasM8/ponderada2/ws_pond2/install/navigation/share/ament_index
creating /home/jeanlucasrothsteinmachado/Github/ponderadasM8/ponderada2/ws_pond2/install/navigation/share/ament_index/resource_index
creating /home/jeanlucasrothsteinmachado/Github/ponderadasM8/ponderada2/ws_pond2/install/navigation/share/ament_index/resource_index/packages
copying resource/navigation -> /home/jeanlucasrothsteinmachado/Github/ponderadasM8/ponderada2/ws_pond2/install/navigation/share/ament_index/resource_index/packages
copying package.xml -> /home/jeanlucasrothsteinmachado/Github/ponderadasM8/ponderada2/ws_pond2/install/navigation/share/navigation
creating /home/jeanlucasrothsteinmachado/Github/ponderadasM8/ponderada2/ws_pond2/install/navigation/share/navigation/launch
running install_egg_info
Copying ../../build/navigation/navigation.egg-info to /home/jeanlucasrothsteinmachado/Github/ponderadasM8/ponderada2/ws_pond2/install/navigation/lib/python3.10/site-packages/navigation-0.0.0-py3.10.egg-info
running install_scripts
Installing navigation script to /home/jeanlucasrothsteinmachado/Github/ponderadasM8/ponderada2/ws_pond2/install/navigation/lib/navigation
writing list of installed files to '/home/jeanlucasrothsteinmachado/Github/ponderadasM8/ponderada2/ws_pond2/build/navigation/install.log'
