[1.281s] Invoking command in '/home/jeanlucasrothsteinmachado/Github/ponderadasM8/ponderada2/ws_pond2/src/navigation': PYTHONPATH=/home/jeanlucasrothsteinmachado/Github/ponderadasM8/ponderada2/ws_pond2/build/navigation/prefix_override:/home/jeanlucasrothsteinmachado/Github/ponderadasM8/ponderada2/ws_pond2/install/navigation/lib/python3.10/site-packages:${PYTHONPATH} /usr/bin/python3 setup.py egg_info --egg-base ../../build/navigation build --build-base /home/jeanlucasrothsteinmachado/Github/ponderadasM8/ponderada2/ws_pond2/build/navigation/build install --record /home/jeanlucasrothsteinmachado/Github/ponderadasM8/ponderada2/ws_pond2/build/navigation/install.log --single-version-externally-managed
[1.560s] running egg_info
[1.561s] creating ../../build/navigation/navigation.egg-info
[1.561s] writing ../../build/navigation/navigation.egg-info/PKG-INFO
[1.561s] writing dependency_links to ../../build/navigation/navigation.egg-info/dependency_links.txt
[1.561s] writing entry points to ../../build/navigation/navigation.egg-info/entry_points.txt
[1.561s] writing requirements to ../../build/navigation/navigation.egg-info/requires.txt
[1.561s] writing top-level names to ../../build/navigation/navigation.egg-info/top_level.txt
[1.561s] writing manifest file '../../build/navigation/navigation.egg-info/SOURCES.txt'
[1.563s] reading manifest file '../../build/navigation/navigation.egg-info/SOURCES.txt'
[1.564s] writing manifest file '../../build/navigation/navigation.egg-info/SOURCES.txt'
[1.564s] running build
[1.564s] running build_py
[1.564s] creating /home/jeanlucasrothsteinmachado/Github/ponderadasM8/ponderada2/ws_pond2/build/navigation/build
[1.564s] creating /home/jeanlucasrothsteinmachado/Github/ponderadasM8/ponderada2/ws_pond2/build/navigation/build/lib
[1.564s] creating /home/jeanlucasrothsteinmachado/Github/ponderadasM8/ponderada2/ws_pond2/build/navigation/build/lib/navigation
[1.564s] copying navigation/navigation_points.py -> /home/jeanlucasrothsteinmachado/Github/ponderadasM8/ponderada2/ws_pond2/build/navigation/build/lib/navigation
[1.565s] copying navigation/__init__.py -> /home/jeanlucasrothsteinmachado/Github/ponderadasM8/ponderada2/ws_pond2/build/navigation/build/lib/navigation
[1.565s] running install
[1.565s] running install_lib
[1.565s] creating /home/jeanlucasrothsteinmachado/Github/ponderadasM8/ponderada2/ws_pond2/install/navigation/lib/python3.10/site-packages/navigation
[1.566s] copying /home/jeanlucasrothsteinmachado/Github/ponderadasM8/ponderada2/ws_pond2/build/navigation/build/lib/navigation/navigation_points.py -> /home/jeanlucasrothsteinmachado/Github/ponderadasM8/ponderada2/ws_pond2/install/navigation/lib/python3.10/site-packages/navigation
[1.566s] copying /home/jeanlucasrothsteinmachado/Github/ponderadasM8/ponderada2/ws_pond2/build/navigation/build/lib/navigation/__init__.py -> /home/jeanlucasrothsteinmachado/Github/ponderadasM8/ponderada2/ws_pond2/install/navigation/lib/python3.10/site-packages/navigation
[1.566s] byte-compiling /home/jeanlucasrothsteinmachado/Github/ponderadasM8/ponderada2/ws_pond2/install/navigation/lib/python3.10/site-packages/navigation/navigation_points.py to navigation_points.cpython-310.pyc
[1.566s] byte-compiling /home/jeanlucasrothsteinmachado/Github/ponderadasM8/ponderada2/ws_pond2/install/navigation/lib/python3.10/site-packages/navigation/__init__.py to __init__.cpython-310.pyc
[1.566s] running install_data
[1.567s] creating /home/jeanlucasrothsteinmachado/Github/ponderadasM8/ponderada2/ws_pond2/install/navigation/share/ament_index
[1.567s] creating /home/jeanlucasrothsteinmachado/Github/ponderadasM8/ponderada2/ws_pond2/install/navigation/share/ament_index/resource_index
[1.567s] creating /home/jeanlucasrothsteinmachado/Github/ponderadasM8/ponderada2/ws_pond2/install/navigation/share/ament_index/resource_index/packages
[1.567s] copying resource/navigation -> /home/jeanlucasrothsteinmachado/Github/ponderadasM8/ponderada2/ws_pond2/install/navigation/share/ament_index/resource_index/packages
[1.567s] copying package.xml -> /home/jeanlucasrothsteinmachado/Github/ponderadasM8/ponderada2/ws_pond2/install/navigation/share/navigation
[1.568s] creating /home/jeanlucasrothsteinmachado/Github/ponderadasM8/ponderada2/ws_pond2/install/navigation/share/navigation/launch
[1.568s] running install_egg_info
[1.569s] Copying ../../build/navigation/navigation.egg-info to /home/jeanlucasrothsteinmachado/Github/ponderadasM8/ponderada2/ws_pond2/install/navigation/lib/python3.10/site-packages/navigation-0.0.0-py3.10.egg-info
[1.570s] running install_scripts
[1.591s] Installing navigation script to /home/jeanlucasrothsteinmachado/Github/ponderadasM8/ponderada2/ws_pond2/install/navigation/lib/navigation
[1.591s] writing list of installed files to '/home/jeanlucasrothsteinmachado/Github/ponderadasM8/ponderada2/ws_pond2/build/navigation/install.log'
[1.626s] Invoked command in '/home/jeanlucasrothsteinmachado/Github/ponderadasM8/ponderada2/ws_pond2/src/navigation' returned '0': PYTHONPATH=/home/jeanlucasrothsteinmachado/Github/ponderadasM8/ponderada2/ws_pond2/build/navigation/prefix_override:/home/jeanlucasrothsteinmachado/Github/ponderadasM8/ponderada2/ws_pond2/install/navigation/lib/python3.10/site-packages:${PYTHONPATH} /usr/bin/python3 setup.py egg_info --egg-base ../../build/navigation build --build-base /home/jeanlucasrothsteinmachado/Github/ponderadasM8/ponderada2/ws_pond2/build/navigation/build install --record /home/jeanlucasrothsteinmachado/Github/ponderadasM8/ponderada2/ws_pond2/build/navigation/install.log --single-version-externally-managed
