[1.106s] DEBUG:colcon:Command line arguments: ['/usr/bin/colcon', 'build']
[1.106s] DEBUG:colcon:Parsed command line arguments: Namespace(log_base=None, log_level=None, verb_name='build', build_base='build', install_base='install', merge_install=False, symlink_install=False, test_result_base=None, continue_on_error=False, executor='parallel', parallel_workers=8, event_handlers=None, ignore_user_meta=False, metas=['./colcon.meta'], base_paths=['.'], packages_ignore=None, packages_ignore_regex=None, paths=None, packages_up_to=None, packages_up_to_regex=None, packages_above=None, packages_above_and_dependencies=None, packages_above_depth=None, packages_select_by_dep=None, packages_skip_by_dep=None, packages_skip_up_to=None, packages_select_build_failed=False, packages_skip_build_finished=False, packages_select_test_failures=False, packages_skip_test_passed=False, packages_select=None, packages_skip=None, packages_select_regex=None, packages_skip_regex=None, packages_start=None, packages_end=None, allow_overriding=[], cmake_args=None, cmake_target=None, cmake_target_skip_unavailable=False, cmake_clean_cache=False, cmake_clean_first=False, cmake_force_configure=False, ament_cmake_args=None, catkin_cmake_args=None, catkin_skip_building_tests=False, verb_parser=<colcon_defaults.argument_parser.defaults.DefaultArgumentsDecorator object at 0x7f1cfe9c9630>, verb_extension=<colcon_core.verb.build.BuildVerb object at 0x7f1cfe98f2b0>, main=<bound method BuildVerb.main of <colcon_core.verb.build.BuildVerb object at 0x7f1cfe98f2b0>>)
[1.159s] Level 1:colcon.colcon_core.package_discovery:discover_packages(colcon_meta) check parameters
[1.159s] Level 1:colcon.colcon_core.package_discovery:discover_packages(recursive) check parameters
[1.159s] Level 1:colcon.colcon_core.package_discovery:discover_packages(ignore) check parameters
[1.160s] Level 1:colcon.colcon_core.package_discovery:discover_packages(path) check parameters
[1.160s] Level 1:colcon.colcon_core.package_discovery:discover_packages(colcon_meta) discover
[1.160s] Level 1:colcon.colcon_core.package_discovery:discover_packages(recursive) discover
[1.160s] INFO:colcon.colcon_core.package_discovery:Crawling recursively for packages in '/home/jeanlucasrothsteinmachado/Github/ponderadasM8/ponderada3/ws'
[1.160s] Level 1:colcon.colcon_core.package_identification:_identify(.) by extensions ['ignore', 'ignore_ament_install']
[1.160s] Level 1:colcon.colcon_core.package_identification:_identify(.) by extension 'ignore'
[1.160s] Level 1:colcon.colcon_core.package_identification:_identify(.) by extension 'ignore_ament_install'
[1.160s] Level 1:colcon.colcon_core.package_identification:_identify(.) by extensions ['colcon_pkg']
[1.160s] Level 1:colcon.colcon_core.package_identification:_identify(.) by extension 'colcon_pkg'
[1.160s] Level 1:colcon.colcon_core.package_identification:_identify(.) by extensions ['colcon_meta']
[1.160s] Level 1:colcon.colcon_core.package_identification:_identify(.) by extension 'colcon_meta'
[1.160s] Level 1:colcon.colcon_core.package_identification:_identify(.) by extensions ['ros']
[1.160s] Level 1:colcon.colcon_core.package_identification:_identify(.) by extension 'ros'
[1.171s] Level 1:colcon.colcon_core.package_identification:_identify(.) by extensions ['cmake', 'python']
[1.171s] Level 1:colcon.colcon_core.package_identification:_identify(.) by extension 'cmake'
[1.171s] Level 1:colcon.colcon_core.package_identification:_identify(.) by extension 'python'
[1.171s] Level 1:colcon.colcon_core.package_identification:_identify(.) by extensions ['python_setup_py']
[1.171s] Level 1:colcon.colcon_core.package_identification:_identify(.) by extension 'python_setup_py'
[1.171s] Level 1:colcon.colcon_core.package_identification:_identify(build) by extensions ['ignore', 'ignore_ament_install']
[1.172s] Level 1:colcon.colcon_core.package_identification:_identify(build) by extension 'ignore'
[1.172s] Level 1:colcon.colcon_core.package_identification:_identify(build) ignored
[1.172s] Level 1:colcon.colcon_core.package_identification:_identify(install) by extensions ['ignore', 'ignore_ament_install']
[1.172s] Level 1:colcon.colcon_core.package_identification:_identify(install) by extension 'ignore'
[1.172s] Level 1:colcon.colcon_core.package_identification:_identify(install) ignored
[1.172s] Level 1:colcon.colcon_core.package_identification:_identify(log) by extensions ['ignore', 'ignore_ament_install']
[1.172s] Level 1:colcon.colcon_core.package_identification:_identify(log) by extension 'ignore'
[1.172s] Level 1:colcon.colcon_core.package_identification:_identify(log) ignored
[1.172s] Level 1:colcon.colcon_core.package_identification:_identify(src) by extensions ['ignore', 'ignore_ament_install']
[1.172s] Level 1:colcon.colcon_core.package_identification:_identify(src) by extension 'ignore'
[1.172s] Level 1:colcon.colcon_core.package_identification:_identify(src) by extension 'ignore_ament_install'
[1.172s] Level 1:colcon.colcon_core.package_identification:_identify(src) by extensions ['colcon_pkg']
[1.172s] Level 1:colcon.colcon_core.package_identification:_identify(src) by extension 'colcon_pkg'
[1.172s] Level 1:colcon.colcon_core.package_identification:_identify(src) by extensions ['colcon_meta']
[1.173s] Level 1:colcon.colcon_core.package_identification:_identify(src) by extension 'colcon_meta'
[1.173s] Level 1:colcon.colcon_core.package_identification:_identify(src) by extensions ['ros']
[1.173s] Level 1:colcon.colcon_core.package_identification:_identify(src) by extension 'ros'
[1.173s] Level 1:colcon.colcon_core.package_identification:_identify(src) by extensions ['cmake', 'python']
[1.173s] Level 1:colcon.colcon_core.package_identification:_identify(src) by extension 'cmake'
[1.173s] Level 1:colcon.colcon_core.package_identification:_identify(src) by extension 'python'
[1.173s] Level 1:colcon.colcon_core.package_identification:_identify(src) by extensions ['python_setup_py']
[1.173s] Level 1:colcon.colcon_core.package_identification:_identify(src) by extension 'python_setup_py'
[1.173s] Level 1:colcon.colcon_core.package_identification:_identify(src/build) by extensions ['ignore', 'ignore_ament_install']
[1.173s] Level 1:colcon.colcon_core.package_identification:_identify(src/build) by extension 'ignore'
[1.173s] Level 1:colcon.colcon_core.package_identification:_identify(src/build) ignored
[1.173s] Level 1:colcon.colcon_core.package_identification:_identify(src/install) by extensions ['ignore', 'ignore_ament_install']
[1.173s] Level 1:colcon.colcon_core.package_identification:_identify(src/install) by extension 'ignore'
[1.173s] Level 1:colcon.colcon_core.package_identification:_identify(src/install) ignored
[1.174s] Level 1:colcon.colcon_core.package_identification:_identify(src/log) by extensions ['ignore', 'ignore_ament_install']
[1.174s] Level 1:colcon.colcon_core.package_identification:_identify(src/log) by extension 'ignore'
[1.174s] Level 1:colcon.colcon_core.package_identification:_identify(src/log) ignored
[1.174s] Level 1:colcon.colcon_core.package_identification:_identify(src/my_chatbot) by extensions ['ignore', 'ignore_ament_install']
[1.174s] Level 1:colcon.colcon_core.package_identification:_identify(src/my_chatbot) by extension 'ignore'
[1.174s] Level 1:colcon.colcon_core.package_identification:_identify(src/my_chatbot) by extension 'ignore_ament_install'
[1.174s] Level 1:colcon.colcon_core.package_identification:_identify(src/my_chatbot) by extensions ['colcon_pkg']
[1.174s] Level 1:colcon.colcon_core.package_identification:_identify(src/my_chatbot) by extension 'colcon_pkg'
[1.174s] Level 1:colcon.colcon_core.package_identification:_identify(src/my_chatbot) by extensions ['colcon_meta']
[1.174s] Level 1:colcon.colcon_core.package_identification:_identify(src/my_chatbot) by extension 'colcon_meta'
[1.174s] Level 1:colcon.colcon_core.package_identification:_identify(src/my_chatbot) by extensions ['ros']
[1.174s] Level 1:colcon.colcon_core.package_identification:_identify(src/my_chatbot) by extension 'ros'
[1.176s] DEBUG:colcon.colcon_core.package_identification:Package 'src/my_chatbot' with type 'ros.ament_python' and name 'my_chatbot'
[1.176s] Level 1:colcon.colcon_core.package_discovery:discover_packages(recursive) using defaults
[1.176s] Level 1:colcon.colcon_core.package_discovery:discover_packages(ignore) discover
[1.176s] Level 1:colcon.colcon_core.package_discovery:discover_packages(ignore) using defaults
[1.177s] Level 1:colcon.colcon_core.package_discovery:discover_packages(path) discover
[1.177s] Level 1:colcon.colcon_core.package_discovery:discover_packages(path) using defaults
[1.270s] Level 1:colcon.colcon_core.package_discovery:discover_packages(prefix_path) check parameters
[1.271s] Level 1:colcon.colcon_core.package_discovery:discover_packages(prefix_path) discover
[1.300s] DEBUG:colcon.colcon_installed_package_information.package_discovery:Found 399 installed packages in /opt/ros/humble
[1.302s] Level 1:colcon.colcon_core.package_discovery:discover_packages(prefix_path) using defaults
[1.423s] Level 5:colcon.colcon_core.verb:set package 'my_chatbot' build argument 'cmake_args' from command line to 'None'
[1.423s] Level 5:colcon.colcon_core.verb:set package 'my_chatbot' build argument 'cmake_target' from command line to 'None'
[1.423s] Level 5:colcon.colcon_core.verb:set package 'my_chatbot' build argument 'cmake_target_skip_unavailable' from command line to 'False'
[1.423s] Level 5:colcon.colcon_core.verb:set package 'my_chatbot' build argument 'cmake_clean_cache' from command line to 'False'
[1.423s] Level 5:colcon.colcon_core.verb:set package 'my_chatbot' build argument 'cmake_clean_first' from command line to 'False'
[1.423s] Level 5:colcon.colcon_core.verb:set package 'my_chatbot' build argument 'cmake_force_configure' from command line to 'False'
[1.423s] Level 5:colcon.colcon_core.verb:set package 'my_chatbot' build argument 'ament_cmake_args' from command line to 'None'
[1.423s] Level 5:colcon.colcon_core.verb:set package 'my_chatbot' build argument 'catkin_cmake_args' from command line to 'None'
[1.423s] Level 5:colcon.colcon_core.verb:set package 'my_chatbot' build argument 'catkin_skip_building_tests' from command line to 'False'
[1.423s] DEBUG:colcon.colcon_core.verb:Building package 'my_chatbot' with the following arguments: {'ament_cmake_args': None, 'build_base': '/home/jeanlucasrothsteinmachado/Github/ponderadasM8/ponderada3/ws/build/my_chatbot', 'catkin_cmake_args': None, 'catkin_skip_building_tests': False, 'cmake_args': None, 'cmake_clean_cache': False, 'cmake_clean_first': False, 'cmake_force_configure': False, 'cmake_target': None, 'cmake_target_skip_unavailable': False, 'install_base': '/home/jeanlucasrothsteinmachado/Github/ponderadasM8/ponderada3/ws/install/my_chatbot', 'merge_install': False, 'path': '/home/jeanlucasrothsteinmachado/Github/ponderadasM8/ponderada3/ws/src/my_chatbot', 'symlink_install': False, 'test_result_base': None}
[1.437s] INFO:colcon.colcon_core.executor:Executing jobs using 'parallel' executor
[1.453s] DEBUG:colcon.colcon_parallel_executor.executor.parallel:run_until_complete
[1.453s] INFO:colcon.colcon_ros.task.ament_python.build:Building ROS package in '/home/jeanlucasrothsteinmachado/Github/ponderadasM8/ponderada3/ws/src/my_chatbot' with build type 'ament_python'
[1.453s] Level 1:colcon.colcon_core.shell:create_environment_hook('my_chatbot', 'ament_prefix_path')
[1.475s] INFO:colcon.colcon_core.plugin_system:Skipping extension 'colcon_core.shell.bat': Not used on non-Windows systems
[1.475s] INFO:colcon.colcon_core.shell:Creating environment hook '/home/jeanlucasrothsteinmachado/Github/ponderadasM8/ponderada3/ws/install/my_chatbot/share/my_chatbot/hook/ament_prefix_path.ps1'
[1.476s] INFO:colcon.colcon_core.shell:Creating environment descriptor '/home/jeanlucasrothsteinmachado/Github/ponderadasM8/ponderada3/ws/install/my_chatbot/share/my_chatbot/hook/ament_prefix_path.dsv'
[1.477s] INFO:colcon.colcon_core.shell:Creating environment hook '/home/jeanlucasrothsteinmachado/Github/ponderadasM8/ponderada3/ws/install/my_chatbot/share/my_chatbot/hook/ament_prefix_path.sh'
[1.494s] INFO:colcon.colcon_core.shell:Skip shell extension 'powershell' for command environment: Not usable outside of PowerShell
[1.494s] DEBUG:colcon.colcon_core.shell:Skip shell extension 'dsv' for command environment
[1.798s] INFO:colcon.colcon_core.task.python.build:Building Python package in '/home/jeanlucasrothsteinmachado/Github/ponderadasM8/ponderada3/ws/src/my_chatbot'
[1.814s] INFO:colcon.colcon_core.shell:Skip shell extension 'powershell' for command environment: Not usable outside of PowerShell
[1.814s] DEBUG:colcon.colcon_core.shell:Skip shell extension 'dsv' for command environment
[2.282s] DEBUG:colcon.colcon_core.event_handler.log_command:Invoking command in '/home/jeanlucasrothsteinmachado/Github/ponderadasM8/ponderada3/ws/src/my_chatbot': PYTHONPATH=/home/jeanlucasrothsteinmachado/Github/ponderadasM8/ponderada3/ws/build/my_chatbot/prefix_override:/home/jeanlucasrothsteinmachado/Github/ponderadasM8/ponderada3/ws/install/my_chatbot/lib/python3.10/site-packages:${PYTHONPATH} /usr/bin/python3 setup.py egg_info --egg-base ../../build/my_chatbot build --build-base /home/jeanlucasrothsteinmachado/Github/ponderadasM8/ponderada3/ws/build/my_chatbot/build install --record /home/jeanlucasrothsteinmachado/Github/ponderadasM8/ponderada3/ws/build/my_chatbot/install.log --single-version-externally-managed
[2.598s] DEBUG:colcon.colcon_core.event_handler.log_command:Invoked command in '/home/jeanlucasrothsteinmachado/Github/ponderadasM8/ponderada3/ws/src/my_chatbot' returned '0': PYTHONPATH=/home/jeanlucasrothsteinmachado/Github/ponderadasM8/ponderada3/ws/build/my_chatbot/prefix_override:/home/jeanlucasrothsteinmachado/Github/ponderadasM8/ponderada3/ws/install/my_chatbot/lib/python3.10/site-packages:${PYTHONPATH} /usr/bin/python3 setup.py egg_info --egg-base ../../build/my_chatbot build --build-base /home/jeanlucasrothsteinmachado/Github/ponderadasM8/ponderada3/ws/build/my_chatbot/build install --record /home/jeanlucasrothsteinmachado/Github/ponderadasM8/ponderada3/ws/build/my_chatbot/install.log --single-version-externally-managed
[2.619s] Level 1:colcon.colcon_core.environment:checking '/home/jeanlucasrothsteinmachado/Github/ponderadasM8/ponderada3/ws/install/my_chatbot' for CMake module files
[2.619s] Level 1:colcon.colcon_core.environment:checking '/home/jeanlucasrothsteinmachado/Github/ponderadasM8/ponderada3/ws/install/my_chatbot' for CMake config files
[2.619s] Level 1:colcon.colcon_core.environment:checking '/home/jeanlucasrothsteinmachado/Github/ponderadasM8/ponderada3/ws/install/my_chatbot/lib'
[2.620s] Level 1:colcon.colcon_core.environment:checking '/home/jeanlucasrothsteinmachado/Github/ponderadasM8/ponderada3/ws/install/my_chatbot/bin'
[2.620s] Level 1:colcon.colcon_core.environment:checking '/home/jeanlucasrothsteinmachado/Github/ponderadasM8/ponderada3/ws/install/my_chatbot/lib/pkgconfig/my_chatbot.pc'
[2.620s] Level 1:colcon.colcon_core.environment:checking '/home/jeanlucasrothsteinmachado/Github/ponderadasM8/ponderada3/ws/install/my_chatbot/lib/python3.10/site-packages'
[2.620s] Level 1:colcon.colcon_core.shell:create_environment_hook('my_chatbot', 'pythonpath')
[2.634s] INFO:colcon.colcon_core.shell:Creating environment hook '/home/jeanlucasrothsteinmachado/Github/ponderadasM8/ponderada3/ws/install/my_chatbot/share/my_chatbot/hook/pythonpath.ps1'
[2.635s] INFO:colcon.colcon_core.shell:Creating environment descriptor '/home/jeanlucasrothsteinmachado/Github/ponderadasM8/ponderada3/ws/install/my_chatbot/share/my_chatbot/hook/pythonpath.dsv'
[2.635s] INFO:colcon.colcon_core.shell:Creating environment hook '/home/jeanlucasrothsteinmachado/Github/ponderadasM8/ponderada3/ws/install/my_chatbot/share/my_chatbot/hook/pythonpath.sh'
[2.636s] Level 1:colcon.colcon_core.environment:checking '/home/jeanlucasrothsteinmachado/Github/ponderadasM8/ponderada3/ws/install/my_chatbot/bin'
[2.636s] Level 1:colcon.colcon_core.environment:create_environment_scripts_only(my_chatbot)
[2.652s] INFO:colcon.colcon_core.shell:Creating package script '/home/jeanlucasrothsteinmachado/Github/ponderadasM8/ponderada3/ws/install/my_chatbot/share/my_chatbot/package.ps1'
[2.653s] INFO:colcon.colcon_core.shell:Creating package descriptor '/home/jeanlucasrothsteinmachado/Github/ponderadasM8/ponderada3/ws/install/my_chatbot/share/my_chatbot/package.dsv'
[2.654s] INFO:colcon.colcon_core.shell:Creating package script '/home/jeanlucasrothsteinmachado/Github/ponderadasM8/ponderada3/ws/install/my_chatbot/share/my_chatbot/package.sh'
[2.655s] INFO:colcon.colcon_core.shell:Creating package script '/home/jeanlucasrothsteinmachado/Github/ponderadasM8/ponderada3/ws/install/my_chatbot/share/my_chatbot/package.bash'
[2.656s] INFO:colcon.colcon_core.shell:Creating package script '/home/jeanlucasrothsteinmachado/Github/ponderadasM8/ponderada3/ws/install/my_chatbot/share/my_chatbot/package.zsh'
[2.657s] Level 1:colcon.colcon_core.environment:create_file_with_runtime_dependencies(/home/jeanlucasrothsteinmachado/Github/ponderadasM8/ponderada3/ws/install/my_chatbot/share/colcon-core/packages/my_chatbot)
[2.657s] DEBUG:colcon.colcon_parallel_executor.executor.parallel:closing loop
[2.657s] DEBUG:colcon.colcon_parallel_executor.executor.parallel:loop closed
[2.657s] DEBUG:colcon.colcon_parallel_executor.executor.parallel:run_until_complete finished with '0'
[2.657s] DEBUG:colcon.colcon_core.event_reactor:joining thread
[2.677s] INFO:colcon.colcon_core.plugin_system:Skipping extension 'colcon_notification.desktop_notification.terminal_notifier': Not used on non-Darwin systems
[2.678s] INFO:colcon.colcon_core.plugin_system:Skipping extension 'colcon_notification.desktop_notification.win32': Not used on non-Windows systems
[2.678s] INFO:colcon.colcon_notification.desktop_notification:Sending desktop notification using 'notify2'
[2.695s] DEBUG:colcon.colcon_core.event_reactor:joined thread
[2.712s] INFO:colcon.colcon_core.shell:Creating prefix script '/home/jeanlucasrothsteinmachado/Github/ponderadasM8/ponderada3/ws/install/local_setup.ps1'
[2.713s] INFO:colcon.colcon_core.shell:Creating prefix util module '/home/jeanlucasrothsteinmachado/Github/ponderadasM8/ponderada3/ws/install/_local_setup_util_ps1.py'
[2.715s] INFO:colcon.colcon_core.shell:Creating prefix chain script '/home/jeanlucasrothsteinmachado/Github/ponderadasM8/ponderada3/ws/install/setup.ps1'
[2.732s] INFO:colcon.colcon_core.shell:Creating prefix script '/home/jeanlucasrothsteinmachado/Github/ponderadasM8/ponderada3/ws/install/local_setup.sh'
[2.733s] INFO:colcon.colcon_core.shell:Creating prefix util module '/home/jeanlucasrothsteinmachado/Github/ponderadasM8/ponderada3/ws/install/_local_setup_util_sh.py'
[2.733s] INFO:colcon.colcon_core.shell:Creating prefix chain script '/home/jeanlucasrothsteinmachado/Github/ponderadasM8/ponderada3/ws/install/setup.sh'
[2.750s] INFO:colcon.colcon_core.shell:Creating prefix script '/home/jeanlucasrothsteinmachado/Github/ponderadasM8/ponderada3/ws/install/local_setup.bash'
[2.751s] INFO:colcon.colcon_core.shell:Creating prefix chain script '/home/jeanlucasrothsteinmachado/Github/ponderadasM8/ponderada3/ws/install/setup.bash'
[2.767s] INFO:colcon.colcon_core.shell:Creating prefix script '/home/jeanlucasrothsteinmachado/Github/ponderadasM8/ponderada3/ws/install/local_setup.zsh'
[2.768s] INFO:colcon.colcon_core.shell:Creating prefix chain script '/home/jeanlucasrothsteinmachado/Github/ponderadasM8/ponderada3/ws/install/setup.zsh'
