running egg_info
writing ../../build/my_turtlebot3_mapping/navigation.egg-info/PKG-INFO
writing dependency_links to ../../build/my_turtlebot3_mapping/navigation.egg-info/dependency_links.txt
writing entry points to ../../build/my_turtlebot3_mapping/navigation.egg-info/entry_points.txt
writing requirements to ../../build/my_turtlebot3_mapping/navigation.egg-info/requires.txt
writing top-level names to ../../build/my_turtlebot3_mapping/navigation.egg-info/top_level.txt
reading manifest file '../../build/my_turtlebot3_mapping/navigation.egg-info/SOURCES.txt'
writing manifest file '../../build/my_turtlebot3_mapping/navigation.egg-info/SOURCES.txt'
running build
running build_py
creating /home/jeanlucasrothsteinmachado/Github/ponderadasM8/ponderada2/ws_pond2/build/my_turtlebot3_mapping/build/lib/navigation
copying navigation/navigation_points.py -> /home/jeanlucasrothsteinmachado/Github/ponderadasM8/ponderada2/ws_pond2/build/my_turtlebot3_mapping/build/lib/navigation
copying navigation/__init__.py -> /home/jeanlucasrothsteinmachado/Github/ponderadasM8/ponderada2/ws_pond2/build/my_turtlebot3_mapping/build/lib/navigation
running install
running install_lib
creating /home/jeanlucasrothsteinmachado/Github/ponderadasM8/ponderada2/ws_pond2/install/my_turtlebot3_mapping/lib/python3.10/site-packages/navigation
copying /home/jeanlucasrothsteinmachado/Github/ponderadasM8/ponderada2/ws_pond2/build/my_turtlebot3_mapping/build/lib/navigation/navigation_points.py -> /home/jeanlucasrothsteinmachado/Github/ponderadasM8/ponderada2/ws_pond2/install/my_turtlebot3_mapping/lib/python3.10/site-packages/navigation
copying /home/jeanlucasrothsteinmachado/Github/ponderadasM8/ponderada2/ws_pond2/build/my_turtlebot3_mapping/build/lib/navigation/__init__.py -> /home/jeanlucasrothsteinmachado/Github/ponderadasM8/ponderada2/ws_pond2/install/my_turtlebot3_mapping/lib/python3.10/site-packages/navigation
byte-compiling /home/jeanlucasrothsteinmachado/Github/ponderadasM8/ponderada2/ws_pond2/install/my_turtlebot3_mapping/lib/python3.10/site-packages/navigation/navigation_points.py to navigation_points.cpython-310.pyc
byte-compiling /home/jeanlucasrothsteinmachado/Github/ponderadasM8/ponderada2/ws_pond2/install/my_turtlebot3_mapping/lib/python3.10/site-packages/navigation/__init__.py to __init__.cpython-310.pyc
running install_data
