[0.839s] Invoking command in '/home/jeanlucasrothsteinmachado/Github/ponderadasM8/ponderada2/ws_pond2/src/my_turtlebot3_mapping': PYTHONPATH=/home/jeanlucasrothsteinmachado/Github/ponderadasM8/ponderada2/ws_pond2/build/my_turtlebot3_mapping/prefix_override:/home/jeanlucasrothsteinmachado/Github/ponderadasM8/ponderada2/ws_pond2/install/my_turtlebot3_mapping/lib/python3.10/site-packages:${PYTHONPATH} /usr/bin/python3 setup.py egg_info --egg-base ../../build/my_turtlebot3_mapping build --build-base /home/jeanlucasrothsteinmachado/Github/ponderadasM8/ponderada2/ws_pond2/build/my_turtlebot3_mapping/build install --record /home/jeanlucasrothsteinmachado/Github/ponderadasM8/ponderada2/ws_pond2/build/my_turtlebot3_mapping/install.log --single-version-externally-managed
[1.105s] running egg_info
[1.106s] writing ../../build/my_turtlebot3_mapping/navigation.egg-info/PKG-INFO
[1.106s] writing dependency_links to ../../build/my_turtlebot3_mapping/navigation.egg-info/dependency_links.txt
[1.106s] writing entry points to ../../build/my_turtlebot3_mapping/navigation.egg-info/entry_points.txt
[1.107s] writing requirements to ../../build/my_turtlebot3_mapping/navigation.egg-info/requires.txt
[1.107s] writing top-level names to ../../build/my_turtlebot3_mapping/navigation.egg-info/top_level.txt
[1.108s] reading manifest file '../../build/my_turtlebot3_mapping/navigation.egg-info/SOURCES.txt'
[1.109s] writing manifest file '../../build/my_turtlebot3_mapping/navigation.egg-info/SOURCES.txt'
[1.109s] running build
[1.109s] running build_py
[1.110s] creating /home/jeanlucasrothsteinmachado/Github/ponderadasM8/ponderada2/ws_pond2/build/my_turtlebot3_mapping/build/lib/navigation
[1.110s] copying navigation/navigation_points.py -> /home/jeanlucasrothsteinmachado/Github/ponderadasM8/ponderada2/ws_pond2/build/my_turtlebot3_mapping/build/lib/navigation
[1.110s] copying navigation/__init__.py -> /home/jeanlucasrothsteinmachado/Github/ponderadasM8/ponderada2/ws_pond2/build/my_turtlebot3_mapping/build/lib/navigation
[1.110s] running install
[1.111s] running install_lib
[1.112s] creating /home/jeanlucasrothsteinmachado/Github/ponderadasM8/ponderada2/ws_pond2/install/my_turtlebot3_mapping/lib/python3.10/site-packages/navigation
[1.112s] copying /home/jeanlucasrothsteinmachado/Github/ponderadasM8/ponderada2/ws_pond2/build/my_turtlebot3_mapping/build/lib/navigation/navigation_points.py -> /home/jeanlucasrothsteinmachado/Github/ponderadasM8/ponderada2/ws_pond2/install/my_turtlebot3_mapping/lib/python3.10/site-packages/navigation
[1.112s] copying /home/jeanlucasrothsteinmachado/Github/ponderadasM8/ponderada2/ws_pond2/build/my_turtlebot3_mapping/build/lib/navigation/__init__.py -> /home/jeanlucasrothsteinmachado/Github/ponderadasM8/ponderada2/ws_pond2/install/my_turtlebot3_mapping/lib/python3.10/site-packages/navigation
[1.112s] byte-compiling /home/jeanlucasrothsteinmachado/Github/ponderadasM8/ponderada2/ws_pond2/install/my_turtlebot3_mapping/lib/python3.10/site-packages/navigation/navigation_points.py to navigation_points.cpython-310.pyc
[1.113s] byte-compiling /home/jeanlucasrothsteinmachado/Github/ponderadasM8/ponderada2/ws_pond2/install/my_turtlebot3_mapping/lib/python3.10/site-packages/navigation/__init__.py to __init__.cpython-310.pyc
[1.113s] running install_data
[1.113s] error: can't copy 'resource/navigation': doesn't exist or not a regular file
[1.132s] Invoked command in '/home/jeanlucasrothsteinmachado/Github/ponderadasM8/ponderada2/ws_pond2/src/my_turtlebot3_mapping' returned '1': PYTHONPATH=/home/jeanlucasrothsteinmachado/Github/ponderadasM8/ponderada2/ws_pond2/build/my_turtlebot3_mapping/prefix_override:/home/jeanlucasrothsteinmachado/Github/ponderadasM8/ponderada2/ws_pond2/install/my_turtlebot3_mapping/lib/python3.10/site-packages:${PYTHONPATH} /usr/bin/python3 setup.py egg_info --egg-base ../../build/my_turtlebot3_mapping build --build-base /home/jeanlucasrothsteinmachado/Github/ponderadasM8/ponderada2/ws_pond2/build/my_turtlebot3_mapping/build install --record /home/jeanlucasrothsteinmachado/Github/ponderadasM8/ponderada2/ws_pond2/build/my_turtlebot3_mapping/install.log --single-version-externally-managed
