[1.183s] DEBUG:colcon:Command line arguments: ['/usr/bin/colcon', 'build']
[1.184s] DEBUG:colcon:Parsed command line arguments: Namespace(log_base=None, log_level=None, verb_name='build', build_base='build', install_base='install', merge_install=False, symlink_install=False, test_result_base=None, continue_on_error=False, executor='parallel', parallel_workers=8, event_handlers=None, ignore_user_meta=False, metas=['./colcon.meta'], base_paths=['.'], packages_ignore=None, packages_ignore_regex=None, paths=None, packages_up_to=None, packages_up_to_regex=None, packages_above=None, packages_above_and_dependencies=None, packages_above_depth=None, packages_select_by_dep=None, packages_skip_by_dep=None, packages_skip_up_to=None, packages_select_build_failed=False, packages_skip_build_finished=False, packages_select_test_failures=False, packages_skip_test_passed=False, packages_select=None, packages_skip=None, packages_select_regex=None, packages_skip_regex=None, packages_start=None, packages_end=None, allow_overriding=[], cmake_args=None, cmake_target=None, cmake_target_skip_unavailable=False, cmake_clean_cache=False, cmake_clean_first=False, cmake_force_configure=False, ament_cmake_args=None, catkin_cmake_args=None, catkin_skip_building_tests=False, verb_parser=<colcon_defaults.argument_parser.defaults.DefaultArgumentsDecorator object at 0x7fdfc4995e10>, verb_extension=<colcon_core.verb.build.BuildVerb object at 0x7fdfc49594e0>, main=<bound method BuildVerb.main of <colcon_core.verb.build.BuildVerb object at 0x7fdfc49594e0>>)
[1.241s] Level 1:colcon.colcon_core.package_discovery:discover_packages(colcon_meta) check parameters
[1.242s] Level 1:colcon.colcon_core.package_discovery:discover_packages(recursive) check parameters
[1.242s] Level 1:colcon.colcon_core.package_discovery:discover_packages(ignore) check parameters
[1.242s] Level 1:colcon.colcon_core.package_discovery:discover_packages(path) check parameters
[1.242s] Level 1:colcon.colcon_core.package_discovery:discover_packages(colcon_meta) discover
[1.242s] Level 1:colcon.colcon_core.package_discovery:discover_packages(recursive) discover
[1.242s] INFO:colcon.colcon_core.package_discovery:Crawling recursively for packages in '/home/jeanlucasrothsteinmachado/Github/ponderadasM8/ponderada3/ws_pond3'
[1.242s] Level 1:colcon.colcon_core.package_identification:_identify(.) by extensions ['ignore', 'ignore_ament_install']
[1.242s] Level 1:colcon.colcon_core.package_identification:_identify(.) by extension 'ignore'
[1.242s] Level 1:colcon.colcon_core.package_identification:_identify(.) by extension 'ignore_ament_install'
[1.242s] Level 1:colcon.colcon_core.package_identification:_identify(.) by extensions ['colcon_pkg']
[1.242s] Level 1:colcon.colcon_core.package_identification:_identify(.) by extension 'colcon_pkg'
[1.242s] Level 1:colcon.colcon_core.package_identification:_identify(.) by extensions ['colcon_meta']
[1.242s] Level 1:colcon.colcon_core.package_identification:_identify(.) by extension 'colcon_meta'
[1.242s] Level 1:colcon.colcon_core.package_identification:_identify(.) by extensions ['ros']
[1.242s] Level 1:colcon.colcon_core.package_identification:_identify(.) by extension 'ros'
[1.254s] Level 1:colcon.colcon_core.package_identification:_identify(.) by extensions ['cmake', 'python']
[1.254s] Level 1:colcon.colcon_core.package_identification:_identify(.) by extension 'cmake'
[1.254s] Level 1:colcon.colcon_core.package_identification:_identify(.) by extension 'python'
[1.254s] Level 1:colcon.colcon_core.package_identification:_identify(.) by extensions ['python_setup_py']
[1.254s] Level 1:colcon.colcon_core.package_identification:_identify(.) by extension 'python_setup_py'
[1.254s] Level 1:colcon.colcon_core.package_identification:_identify(build) by extensions ['ignore', 'ignore_ament_install']
[1.254s] Level 1:colcon.colcon_core.package_identification:_identify(build) by extension 'ignore'
[1.254s] Level 1:colcon.colcon_core.package_identification:_identify(build) ignored
[1.254s] Level 1:colcon.colcon_core.package_identification:_identify(install) by extensions ['ignore', 'ignore_ament_install']
[1.254s] Level 1:colcon.colcon_core.package_identification:_identify(install) by extension 'ignore'
[1.254s] Level 1:colcon.colcon_core.package_identification:_identify(install) ignored
[1.254s] Level 1:colcon.colcon_core.package_identification:_identify(log) by extensions ['ignore', 'ignore_ament_install']
[1.254s] Level 1:colcon.colcon_core.package_identification:_identify(log) by extension 'ignore'
[1.255s] Level 1:colcon.colcon_core.package_identification:_identify(log) ignored
[1.255s] Level 1:colcon.colcon_core.package_identification:_identify(src) by extensions ['ignore', 'ignore_ament_install']
[1.255s] Level 1:colcon.colcon_core.package_identification:_identify(src) by extension 'ignore'
[1.255s] Level 1:colcon.colcon_core.package_identification:_identify(src) by extension 'ignore_ament_install'
[1.255s] Level 1:colcon.colcon_core.package_identification:_identify(src) by extensions ['colcon_pkg']
[1.255s] Level 1:colcon.colcon_core.package_identification:_identify(src) by extension 'colcon_pkg'
[1.255s] Level 1:colcon.colcon_core.package_identification:_identify(src) by extensions ['colcon_meta']
[1.255s] Level 1:colcon.colcon_core.package_identification:_identify(src) by extension 'colcon_meta'
[1.255s] Level 1:colcon.colcon_core.package_identification:_identify(src) by extensions ['ros']
[1.255s] Level 1:colcon.colcon_core.package_identification:_identify(src) by extension 'ros'
[1.255s] Level 1:colcon.colcon_core.package_identification:_identify(src) by extensions ['cmake', 'python']
[1.255s] Level 1:colcon.colcon_core.package_identification:_identify(src) by extension 'cmake'
[1.255s] Level 1:colcon.colcon_core.package_identification:_identify(src) by extension 'python'
[1.255s] Level 1:colcon.colcon_core.package_identification:_identify(src) by extensions ['python_setup_py']
[1.255s] Level 1:colcon.colcon_core.package_identification:_identify(src) by extension 'python_setup_py'
[1.255s] Level 1:colcon.colcon_core.package_identification:_identify(src/my_chatbot) by extensions ['ignore', 'ignore_ament_install']
[1.255s] Level 1:colcon.colcon_core.package_identification:_identify(src/my_chatbot) by extension 'ignore'
[1.255s] Level 1:colcon.colcon_core.package_identification:_identify(src/my_chatbot) by extension 'ignore_ament_install'
[1.256s] Level 1:colcon.colcon_core.package_identification:_identify(src/my_chatbot) by extensions ['colcon_pkg']
[1.256s] Level 1:colcon.colcon_core.package_identification:_identify(src/my_chatbot) by extension 'colcon_pkg'
[1.256s] Level 1:colcon.colcon_core.package_identification:_identify(src/my_chatbot) by extensions ['colcon_meta']
[1.256s] Level 1:colcon.colcon_core.package_identification:_identify(src/my_chatbot) by extension 'colcon_meta'
[1.256s] Level 1:colcon.colcon_core.package_identification:_identify(src/my_chatbot) by extensions ['ros']
[1.256s] Level 1:colcon.colcon_core.package_identification:_identify(src/my_chatbot) by extension 'ros'
[1.259s] DEBUG:colcon.colcon_core.package_identification:Found ROS schema reference in package manifest in 'src/my_chatbot'
[1.259s] WARNING:colcon.colcon_core.package_identification:Failed to parse ROS package manifest in 'src/my_chatbot': Error(s) in package 'src/my_chatbot/package.xml':
Package version "0.0.0.1" does not follow version conventions
[1.259s] Level 1:colcon.colcon_core.package_identification:_identify(src/my_chatbot) by extensions ['cmake', 'python']
[1.259s] Level 1:colcon.colcon_core.package_identification:_identify(src/my_chatbot) by extension 'cmake'
[1.259s] Level 1:colcon.colcon_core.package_identification:_identify(src/my_chatbot) by extension 'python'
[1.259s] DEBUG:colcon.colcon_core.package_identification:Python package in 'src/my_chatbot' passes arguments to the setup() function which requires a different identification extension than 'python'
[1.259s] Level 1:colcon.colcon_core.package_identification:_identify(src/my_chatbot) by extensions ['python_setup_py']
[1.259s] Level 1:colcon.colcon_core.package_identification:_identify(src/my_chatbot) by extension 'python_setup_py'
[1.560s] DEBUG:colcon.colcon_core.package_identification:Package 'src/my_chatbot' with type 'python' and name 'my_chatbot'
[1.560s] Level 1:colcon.colcon_core.package_discovery:discover_packages(recursive) using defaults
[1.560s] Level 1:colcon.colcon_core.package_discovery:discover_packages(ignore) discover
[1.560s] Level 1:colcon.colcon_core.package_discovery:discover_packages(ignore) using defaults
[1.560s] Level 1:colcon.colcon_core.package_discovery:discover_packages(path) discover
[1.560s] Level 1:colcon.colcon_core.package_discovery:discover_packages(path) using defaults
[1.663s] Level 1:colcon.colcon_core.package_discovery:discover_packages(prefix_path) check parameters
[1.663s] Level 1:colcon.colcon_core.package_discovery:discover_packages(prefix_path) discover
[1.698s] DEBUG:colcon.colcon_installed_package_information.package_discovery:Found 399 installed packages in /opt/ros/humble
[1.710s] Level 1:colcon.colcon_core.package_discovery:discover_packages(prefix_path) using defaults
[1.836s] Level 5:colcon.colcon_core.verb:set package 'my_chatbot' build argument 'cmake_args' from command line to 'None'
[1.836s] Level 5:colcon.colcon_core.verb:set package 'my_chatbot' build argument 'cmake_target' from command line to 'None'
[1.836s] Level 5:colcon.colcon_core.verb:set package 'my_chatbot' build argument 'cmake_target_skip_unavailable' from command line to 'False'
[1.836s] Level 5:colcon.colcon_core.verb:set package 'my_chatbot' build argument 'cmake_clean_cache' from command line to 'False'
[1.836s] Level 5:colcon.colcon_core.verb:set package 'my_chatbot' build argument 'cmake_clean_first' from command line to 'False'
[1.836s] Level 5:colcon.colcon_core.verb:set package 'my_chatbot' build argument 'cmake_force_configure' from command line to 'False'
[1.836s] Level 5:colcon.colcon_core.verb:set package 'my_chatbot' build argument 'ament_cmake_args' from command line to 'None'
[1.836s] Level 5:colcon.colcon_core.verb:set package 'my_chatbot' build argument 'catkin_cmake_args' from command line to 'None'
[1.836s] Level 5:colcon.colcon_core.verb:set package 'my_chatbot' build argument 'catkin_skip_building_tests' from command line to 'False'
[1.836s] DEBUG:colcon.colcon_core.verb:Building package 'my_chatbot' with the following arguments: {'ament_cmake_args': None, 'build_base': '/home/jeanlucasrothsteinmachado/Github/ponderadasM8/ponderada3/ws_pond3/build/my_chatbot', 'catkin_cmake_args': None, 'catkin_skip_building_tests': False, 'cmake_args': None, 'cmake_clean_cache': False, 'cmake_clean_first': False, 'cmake_force_configure': False, 'cmake_target': None, 'cmake_target_skip_unavailable': False, 'install_base': '/home/jeanlucasrothsteinmachado/Github/ponderadasM8/ponderada3/ws_pond3/install/my_chatbot', 'merge_install': False, 'path': '/home/jeanlucasrothsteinmachado/Github/ponderadasM8/ponderada3/ws_pond3/src/my_chatbot', 'symlink_install': False, 'test_result_base': None}
[1.854s] INFO:colcon.colcon_core.executor:Executing jobs using 'parallel' executor
[1.871s] DEBUG:colcon.colcon_parallel_executor.executor.parallel:run_until_complete
[1.872s] INFO:colcon.colcon_core.task.python.build:Building Python package in '/home/jeanlucasrothsteinmachado/Github/ponderadasM8/ponderada3/ws_pond3/src/my_chatbot'
[1.896s] INFO:colcon.colcon_core.plugin_system:Skipping extension 'colcon_core.shell.bat': Not used on non-Windows systems
[1.897s] INFO:colcon.colcon_core.shell:Skip shell extension 'powershell' for command environment: Not usable outside of PowerShell
[1.897s] DEBUG:colcon.colcon_core.shell:Skip shell extension 'dsv' for command environment
[2.754s] DEBUG:colcon.colcon_core.event_handler.log_command:Invoking command in '/home/jeanlucasrothsteinmachado/Github/ponderadasM8/ponderada3/ws_pond3/src/my_chatbot': PYTHONPATH=/home/jeanlucasrothsteinmachado/Github/ponderadasM8/ponderada3/ws_pond3/build/my_chatbot/prefix_override:/home/jeanlucasrothsteinmachado/Github/ponderadasM8/ponderada3/ws_pond3/install/my_chatbot/lib/python3.10/site-packages:${PYTHONPATH} /usr/bin/python3 setup.py egg_info --egg-base ../../build/my_chatbot build --build-base /home/jeanlucasrothsteinmachado/Github/ponderadasM8/ponderada3/ws_pond3/build/my_chatbot/build install --record /home/jeanlucasrothsteinmachado/Github/ponderadasM8/ponderada3/ws_pond3/build/my_chatbot/install.log --single-version-externally-managed
[3.101s] DEBUG:colcon.colcon_core.event_handler.log_command:Invoked command in '/home/jeanlucasrothsteinmachado/Github/ponderadasM8/ponderada3/ws_pond3/src/my_chatbot' returned '0': PYTHONPATH=/home/jeanlucasrothsteinmachado/Github/ponderadasM8/ponderada3/ws_pond3/build/my_chatbot/prefix_override:/home/jeanlucasrothsteinmachado/Github/ponderadasM8/ponderada3/ws_pond3/install/my_chatbot/lib/python3.10/site-packages:${PYTHONPATH} /usr/bin/python3 setup.py egg_info --egg-base ../../build/my_chatbot build --build-base /home/jeanlucasrothsteinmachado/Github/ponderadasM8/ponderada3/ws_pond3/build/my_chatbot/build install --record /home/jeanlucasrothsteinmachado/Github/ponderadasM8/ponderada3/ws_pond3/build/my_chatbot/install.log --single-version-externally-managed
[3.121s] Level 1:colcon.colcon_core.environment:checking '/home/jeanlucasrothsteinmachado/Github/ponderadasM8/ponderada3/ws_pond3/install/my_chatbot' for CMake module files
[3.122s] Level 1:colcon.colcon_core.environment:checking '/home/jeanlucasrothsteinmachado/Github/ponderadasM8/ponderada3/ws_pond3/install/my_chatbot' for CMake config files
[3.122s] Level 1:colcon.colcon_core.environment:checking '/home/jeanlucasrothsteinmachado/Github/ponderadasM8/ponderada3/ws_pond3/install/my_chatbot/lib'
[3.122s] Level 1:colcon.colcon_core.environment:checking '/home/jeanlucasrothsteinmachado/Github/ponderadasM8/ponderada3/ws_pond3/install/my_chatbot/bin'
[3.122s] Level 1:colcon.colcon_core.environment:checking '/home/jeanlucasrothsteinmachado/Github/ponderadasM8/ponderada3/ws_pond3/install/my_chatbot/lib/pkgconfig/my_chatbot.pc'
[3.122s] Level 1:colcon.colcon_core.environment:checking '/home/jeanlucasrothsteinmachado/Github/ponderadasM8/ponderada3/ws_pond3/install/my_chatbot/lib/python3.10/site-packages'
[3.122s] Level 1:colcon.colcon_core.shell:create_environment_hook('my_chatbot', 'pythonpath')
[3.139s] INFO:colcon.colcon_core.shell:Creating environment hook '/home/jeanlucasrothsteinmachado/Github/ponderadasM8/ponderada3/ws_pond3/install/my_chatbot/share/my_chatbot/hook/pythonpath.ps1'
[3.141s] INFO:colcon.colcon_core.shell:Creating environment descriptor '/home/jeanlucasrothsteinmachado/Github/ponderadasM8/ponderada3/ws_pond3/install/my_chatbot/share/my_chatbot/hook/pythonpath.dsv'
[3.142s] INFO:colcon.colcon_core.shell:Creating environment hook '/home/jeanlucasrothsteinmachado/Github/ponderadasM8/ponderada3/ws_pond3/install/my_chatbot/share/my_chatbot/hook/pythonpath.sh'
[3.143s] Level 1:colcon.colcon_core.environment:checking '/home/jeanlucasrothsteinmachado/Github/ponderadasM8/ponderada3/ws_pond3/install/my_chatbot/bin'
[3.143s] Level 1:colcon.colcon_core.environment:create_environment_scripts_only(my_chatbot)
[3.161s] INFO:colcon.colcon_core.shell:Creating package script '/home/jeanlucasrothsteinmachado/Github/ponderadasM8/ponderada3/ws_pond3/install/my_chatbot/share/my_chatbot/package.ps1'
[3.162s] INFO:colcon.colcon_core.shell:Creating package descriptor '/home/jeanlucasrothsteinmachado/Github/ponderadasM8/ponderada3/ws_pond3/install/my_chatbot/share/my_chatbot/package.dsv'
[3.162s] INFO:colcon.colcon_core.shell:Creating package script '/home/jeanlucasrothsteinmachado/Github/ponderadasM8/ponderada3/ws_pond3/install/my_chatbot/share/my_chatbot/package.sh'
[3.163s] INFO:colcon.colcon_core.shell:Creating package script '/home/jeanlucasrothsteinmachado/Github/ponderadasM8/ponderada3/ws_pond3/install/my_chatbot/share/my_chatbot/package.bash'
[3.164s] INFO:colcon.colcon_core.shell:Creating package script '/home/jeanlucasrothsteinmachado/Github/ponderadasM8/ponderada3/ws_pond3/install/my_chatbot/share/my_chatbot/package.zsh'
[3.164s] Level 1:colcon.colcon_core.environment:create_file_with_runtime_dependencies(/home/jeanlucasrothsteinmachado/Github/ponderadasM8/ponderada3/ws_pond3/install/my_chatbot/share/colcon-core/packages/my_chatbot)
[3.165s] DEBUG:colcon.colcon_parallel_executor.executor.parallel:closing loop
[3.165s] DEBUG:colcon.colcon_parallel_executor.executor.parallel:loop closed
[3.165s] DEBUG:colcon.colcon_parallel_executor.executor.parallel:run_until_complete finished with '0'
[3.165s] DEBUG:colcon.colcon_core.event_reactor:joining thread
[3.190s] INFO:colcon.colcon_core.plugin_system:Skipping extension 'colcon_notification.desktop_notification.terminal_notifier': Not used on non-Darwin systems
[3.190s] INFO:colcon.colcon_core.plugin_system:Skipping extension 'colcon_notification.desktop_notification.win32': Not used on non-Windows systems
[3.190s] INFO:colcon.colcon_notification.desktop_notification:Sending desktop notification using 'notify2'
[3.203s] DEBUG:colcon.colcon_core.event_reactor:joined thread
[3.218s] INFO:colcon.colcon_core.shell:Creating prefix script '/home/jeanlucasrothsteinmachado/Github/ponderadasM8/ponderada3/ws_pond3/install/local_setup.ps1'
[3.219s] INFO:colcon.colcon_core.shell:Creating prefix util module '/home/jeanlucasrothsteinmachado/Github/ponderadasM8/ponderada3/ws_pond3/install/_local_setup_util_ps1.py'
[3.221s] INFO:colcon.colcon_core.shell:Creating prefix chain script '/home/jeanlucasrothsteinmachado/Github/ponderadasM8/ponderada3/ws_pond3/install/setup.ps1'
[3.239s] INFO:colcon.colcon_core.shell:Creating prefix script '/home/jeanlucasrothsteinmachado/Github/ponderadasM8/ponderada3/ws_pond3/install/local_setup.sh'
[3.240s] INFO:colcon.colcon_core.shell:Creating prefix util module '/home/jeanlucasrothsteinmachado/Github/ponderadasM8/ponderada3/ws_pond3/install/_local_setup_util_sh.py'
[3.241s] INFO:colcon.colcon_core.shell:Creating prefix chain script '/home/jeanlucasrothsteinmachado/Github/ponderadasM8/ponderada3/ws_pond3/install/setup.sh'
[3.260s] INFO:colcon.colcon_core.shell:Creating prefix script '/home/jeanlucasrothsteinmachado/Github/ponderadasM8/ponderada3/ws_pond3/install/local_setup.bash'
[3.260s] INFO:colcon.colcon_core.shell:Creating prefix chain script '/home/jeanlucasrothsteinmachado/Github/ponderadasM8/ponderada3/ws_pond3/install/setup.bash'
[3.279s] INFO:colcon.colcon_core.shell:Creating prefix script '/home/jeanlucasrothsteinmachado/Github/ponderadasM8/ponderada3/ws_pond3/install/local_setup.zsh'
[3.280s] INFO:colcon.colcon_core.shell:Creating prefix chain script '/home/jeanlucasrothsteinmachado/Github/ponderadasM8/ponderada3/ws_pond3/install/setup.zsh'
